<?xml version="1.0" encoding="UTF-8"?>
<testsuite xmlns:xsi="http://www.w3.org/2001/XMLSchema-instance" xsi:noNamespaceSchemaLocation="https://maven.apache.org/surefire/maven-surefire-plugin/xsd/surefire-test-report.xsd" name="org.wit.repository.ActivitiesDAOTest" time="0.032" tests="1" errors="1" skipped="0" failures="0">
  <properties>
    <property name="java.specification.version" value="16"/>
    <property name="sun.jnu.encoding" value="UTF-8"/>
    <property name="java.class.path" value="/Users/niju/WIT/AgileSoftwareDevelopment/healthtrackerrest/nijuHealthTrackerRest/target/test-classes:/Users/niju/WIT/AgileSoftwareDevelopment/healthtrackerrest/nijuHealthTrackerRest/target/classes:/Users/niju/.m2/repository/org/jetbrains/kotlin/kotlin-stdlib/1.3.72/kotlin-stdlib-1.3.72.jar:/Users/niju/.m2/repository/org/jetbrains/kotlin/kotlin-stdlib-common/1.3.72/kotlin-stdlib-common-1.3.72.jar:/Users/niju/.m2/repository/org/jetbrains/annotations/13.0/annotations-13.0.jar:/Users/niju/.m2/repository/org/jetbrains/kotlin/kotlin-test-junit/1.3.72/kotlin-test-junit-1.3.72.jar:/Users/niju/.m2/repository/org/jetbrains/kotlin/kotlin-test-annotations-common/1.3.72/kotlin-test-annotations-common-1.3.72.jar:/Users/niju/.m2/repository/org/jetbrains/kotlin/kotlin-test/1.3.72/kotlin-test-1.3.72.jar:/Users/niju/.m2/repository/org/jetbrains/kotlin/kotlin-test-common/1.3.72/kotlin-test-common-1.3.72.jar:/Users/niju/.m2/repository/junit/junit/4.12/junit-4.12.jar:/Users/niju/.m2/repository/org/hamcrest/hamcrest-core/1.3/hamcrest-core-1.3.jar:/Users/niju/.m2/repository/org/junit/jupiter/junit-jupiter-engine/5.5.2/junit-jupiter-engine-5.5.2.jar:/Users/niju/.m2/repository/org/apiguardian/apiguardian-api/1.1.0/apiguardian-api-1.1.0.jar:/Users/niju/.m2/repository/org/junit/platform/junit-platform-engine/1.5.2/junit-platform-engine-1.5.2.jar:/Users/niju/.m2/repository/org/opentest4j/opentest4j/1.2.0/opentest4j-1.2.0.jar:/Users/niju/.m2/repository/org/junit/platform/junit-platform-commons/1.5.2/junit-platform-commons-1.5.2.jar:/Users/niju/.m2/repository/org/junit/jupiter/junit-jupiter-api/5.5.2/junit-jupiter-api-5.5.2.jar:/Users/niju/.m2/repository/org/junit/platform/junit-platform-runner/1.5.2/junit-platform-runner-1.5.2.jar:/Users/niju/.m2/repository/org/junit/platform/junit-platform-launcher/1.5.2/junit-platform-launcher-1.5.2.jar:/Users/niju/.m2/repository/org/junit/platform/junit-platform-suite-api/1.5.2/junit-platform-suite-api-1.5.2.jar:/Users/niju/.m2/repository/io/javalin/javalin/3.7.0/javalin-3.7.0.jar:/Users/niju/.m2/repository/org/jetbrains/kotlin/kotlin-stdlib-jdk8/1.3.61/kotlin-stdlib-jdk8-1.3.61.jar:/Users/niju/.m2/repository/org/jetbrains/kotlin/kotlin-stdlib-jdk7/1.3.61/kotlin-stdlib-jdk7-1.3.61.jar:/Users/niju/.m2/repository/org/eclipse/jetty/jetty-server/9.4.25.v20191220/jetty-server-9.4.25.v20191220.jar:/Users/niju/.m2/repository/javax/servlet/javax.servlet-api/3.1.0/javax.servlet-api-3.1.0.jar:/Users/niju/.m2/repository/org/eclipse/jetty/jetty-http/9.4.25.v20191220/jetty-http-9.4.25.v20191220.jar:/Users/niju/.m2/repository/org/eclipse/jetty/jetty-util/9.4.25.v20191220/jetty-util-9.4.25.v20191220.jar:/Users/niju/.m2/repository/org/eclipse/jetty/jetty-io/9.4.25.v20191220/jetty-io-9.4.25.v20191220.jar:/Users/niju/.m2/repository/org/eclipse/jetty/jetty-webapp/9.4.25.v20191220/jetty-webapp-9.4.25.v20191220.jar:/Users/niju/.m2/repository/org/eclipse/jetty/jetty-xml/9.4.25.v20191220/jetty-xml-9.4.25.v20191220.jar:/Users/niju/.m2/repository/org/eclipse/jetty/jetty-servlet/9.4.25.v20191220/jetty-servlet-9.4.25.v20191220.jar:/Users/niju/.m2/repository/org/eclipse/jetty/jetty-security/9.4.25.v20191220/jetty-security-9.4.25.v20191220.jar:/Users/niju/.m2/repository/org/eclipse/jetty/websocket/websocket-server/9.4.25.v20191220/websocket-server-9.4.25.v20191220.jar:/Users/niju/.m2/repository/org/eclipse/jetty/websocket/websocket-common/9.4.25.v20191220/websocket-common-9.4.25.v20191220.jar:/Users/niju/.m2/repository/org/eclipse/jetty/websocket/websocket-api/9.4.25.v20191220/websocket-api-9.4.25.v20191220.jar:/Users/niju/.m2/repository/org/eclipse/jetty/websocket/websocket-client/9.4.25.v20191220/websocket-client-9.4.25.v20191220.jar:/Users/niju/.m2/repository/org/eclipse/jetty/jetty-client/9.4.25.v20191220/jetty-client-9.4.25.v20191220.jar:/Users/niju/.m2/repository/org/eclipse/jetty/websocket/websocket-servlet/9.4.25.v20191220/websocket-servlet-9.4.25.v20191220.jar:/Users/niju/.m2/repository/org/slf4j/slf4j-api/1.8.0-beta4/slf4j-api-1.8.0-beta4.jar:/Users/niju/.m2/repository/org/slf4j/slf4j-simple/1.8.0-beta4/slf4j-simple-1.8.0-beta4.jar:/Users/niju/.m2/repository/com/fasterxml/jackson/core/jackson-databind/2.10.1/jackson-databind-2.10.1.jar:/Users/niju/.m2/repository/com/fasterxml/jackson/core/jackson-annotations/2.10.1/jackson-annotations-2.10.1.jar:/Users/niju/.m2/repository/com/fasterxml/jackson/core/jackson-core/2.10.1/jackson-core-2.10.1.jar:/Users/niju/.m2/repository/com/fasterxml/jackson/module/jackson-module-kotlin/2.8.8/jackson-module-kotlin-2.8.8.jar:/Users/niju/.m2/repository/org/jetbrains/kotlin/kotlin-reflect/1.1.1/kotlin-reflect-1.1.1.jar:/Users/niju/.m2/repository/org/jetbrains/exposed/exposed/0.11.2/exposed-0.11.2.jar:/Users/niju/.m2/repository/joda-time/joda-time/2.9.9/joda-time-2.9.9.jar:/Users/niju/.m2/repository/org/postgresql/postgresql/42.2.2/postgresql-42.2.2.jar:/Users/niju/.m2/repository/io/github/microutils/kotlin-logging/1.12.5/kotlin-logging-1.12.5.jar:/Users/niju/.m2/repository/com/h2database/h2/1.4.197/h2-1.4.197.jar:/Users/niju/.m2/repository/com/fasterxml/jackson/datatype/jackson-datatype-joda/2.8.7/jackson-datatype-joda-2.8.7.jar:"/>
    <property name="java.vm.vendor" value="Oracle Corporation"/>
    <property name="sun.arch.data.model" value="64"/>
    <property name="java.vendor.url" value="https://java.oracle.com/"/>
    <property name="os.name" value="Mac OS X"/>
    <property name="java.vm.specification.version" value="16"/>
    <property name="sun.java.launcher" value="SUN_STANDARD"/>
    <property name="user.country" value="AE"/>
    <property name="sun.boot.library.path" value="/Library/Java/JavaVirtualMachines/jdk-16.0.2.jdk/Contents/Home/lib"/>
    <property name="sun.java.command" value="/Users/niju/WIT/AgileSoftwareDevelopment/healthtrackerrest/nijuHealthTrackerRest/target/surefire/surefirebooter8885943161798972423.jar /Users/niju/WIT/AgileSoftwareDevelopment/healthtrackerrest/nijuHealthTrackerRest/target/surefire 2021-11-16T10-58-31_812-jvmRun1 surefire10970979748336946779tmp surefire_05595807088920922781tmp"/>
    <property name="http.nonProxyHosts" value="local|*.local|169.254/16|*.169.254/16"/>
    <property name="jdk.debug" value="release"/>
    <property name="surefire.test.class.path" value="/Users/niju/WIT/AgileSoftwareDevelopment/healthtrackerrest/nijuHealthTrackerRest/target/test-classes:/Users/niju/WIT/AgileSoftwareDevelopment/healthtrackerrest/nijuHealthTrackerRest/target/classes:/Users/niju/.m2/repository/org/jetbrains/kotlin/kotlin-stdlib/1.3.72/kotlin-stdlib-1.3.72.jar:/Users/niju/.m2/repository/org/jetbrains/kotlin/kotlin-stdlib-common/1.3.72/kotlin-stdlib-common-1.3.72.jar:/Users/niju/.m2/repository/org/jetbrains/annotations/13.0/annotations-13.0.jar:/Users/niju/.m2/repository/org/jetbrains/kotlin/kotlin-test-junit/1.3.72/kotlin-test-junit-1.3.72.jar:/Users/niju/.m2/repository/org/jetbrains/kotlin/kotlin-test-annotations-common/1.3.72/kotlin-test-annotations-common-1.3.72.jar:/Users/niju/.m2/repository/org/jetbrains/kotlin/kotlin-test/1.3.72/kotlin-test-1.3.72.jar:/Users/niju/.m2/repository/org/jetbrains/kotlin/kotlin-test-common/1.3.72/kotlin-test-common-1.3.72.jar:/Users/niju/.m2/repository/junit/junit/4.12/junit-4.12.jar:/Users/niju/.m2/repository/org/hamcrest/hamcrest-core/1.3/hamcrest-core-1.3.jar:/Users/niju/.m2/repository/org/junit/jupiter/junit-jupiter-engine/5.5.2/junit-jupiter-engine-5.5.2.jar:/Users/niju/.m2/repository/org/apiguardian/apiguardian-api/1.1.0/apiguardian-api-1.1.0.jar:/Users/niju/.m2/repository/org/junit/platform/junit-platform-engine/1.5.2/junit-platform-engine-1.5.2.jar:/Users/niju/.m2/repository/org/opentest4j/opentest4j/1.2.0/opentest4j-1.2.0.jar:/Users/niju/.m2/repository/org/junit/platform/junit-platform-commons/1.5.2/junit-platform-commons-1.5.2.jar:/Users/niju/.m2/repository/org/junit/jupiter/junit-jupiter-api/5.5.2/junit-jupiter-api-5.5.2.jar:/Users/niju/.m2/repository/org/junit/platform/junit-platform-runner/1.5.2/junit-platform-runner-1.5.2.jar:/Users/niju/.m2/repository/org/junit/platform/junit-platform-launcher/1.5.2/junit-platform-launcher-1.5.2.jar:/Users/niju/.m2/repository/org/junit/platform/junit-platform-suite-api/1.5.2/junit-platform-suite-api-1.5.2.jar:/Users/niju/.m2/repository/io/javalin/javalin/3.7.0/javalin-3.7.0.jar:/Users/niju/.m2/repository/org/jetbrains/kotlin/kotlin-stdlib-jdk8/1.3.61/kotlin-stdlib-jdk8-1.3.61.jar:/Users/niju/.m2/repository/org/jetbrains/kotlin/kotlin-stdlib-jdk7/1.3.61/kotlin-stdlib-jdk7-1.3.61.jar:/Users/niju/.m2/repository/org/eclipse/jetty/jetty-server/9.4.25.v20191220/jetty-server-9.4.25.v20191220.jar:/Users/niju/.m2/repository/javax/servlet/javax.servlet-api/3.1.0/javax.servlet-api-3.1.0.jar:/Users/niju/.m2/repository/org/eclipse/jetty/jetty-http/9.4.25.v20191220/jetty-http-9.4.25.v20191220.jar:/Users/niju/.m2/repository/org/eclipse/jetty/jetty-util/9.4.25.v20191220/jetty-util-9.4.25.v20191220.jar:/Users/niju/.m2/repository/org/eclipse/jetty/jetty-io/9.4.25.v20191220/jetty-io-9.4.25.v20191220.jar:/Users/niju/.m2/repository/org/eclipse/jetty/jetty-webapp/9.4.25.v20191220/jetty-webapp-9.4.25.v20191220.jar:/Users/niju/.m2/repository/org/eclipse/jetty/jetty-xml/9.4.25.v20191220/jetty-xml-9.4.25.v20191220.jar:/Users/niju/.m2/repository/org/eclipse/jetty/jetty-servlet/9.4.25.v20191220/jetty-servlet-9.4.25.v20191220.jar:/Users/niju/.m2/repository/org/eclipse/jetty/jetty-security/9.4.25.v20191220/jetty-security-9.4.25.v20191220.jar:/Users/niju/.m2/repository/org/eclipse/jetty/websocket/websocket-server/9.4.25.v20191220/websocket-server-9.4.25.v20191220.jar:/Users/niju/.m2/repository/org/eclipse/jetty/websocket/websocket-common/9.4.25.v20191220/websocket-common-9.4.25.v20191220.jar:/Users/niju/.m2/repository/org/eclipse/jetty/websocket/websocket-api/9.4.25.v20191220/websocket-api-9.4.25.v20191220.jar:/Users/niju/.m2/repository/org/eclipse/jetty/websocket/websocket-client/9.4.25.v20191220/websocket-client-9.4.25.v20191220.jar:/Users/niju/.m2/repository/org/eclipse/jetty/jetty-client/9.4.25.v20191220/jetty-client-9.4.25.v20191220.jar:/Users/niju/.m2/repository/org/eclipse/jetty/websocket/websocket-servlet/9.4.25.v20191220/websocket-servlet-9.4.25.v20191220.jar:/Users/niju/.m2/repository/org/slf4j/slf4j-api/1.8.0-beta4/slf4j-api-1.8.0-beta4.jar:/Users/niju/.m2/repository/org/slf4j/slf4j-simple/1.8.0-beta4/slf4j-simple-1.8.0-beta4.jar:/Users/niju/.m2/repository/com/fasterxml/jackson/core/jackson-databind/2.10.1/jackson-databind-2.10.1.jar:/Users/niju/.m2/repository/com/fasterxml/jackson/core/jackson-annotations/2.10.1/jackson-annotations-2.10.1.jar:/Users/niju/.m2/repository/com/fasterxml/jackson/core/jackson-core/2.10.1/jackson-core-2.10.1.jar:/Users/niju/.m2/repository/com/fasterxml/jackson/module/jackson-module-kotlin/2.8.8/jackson-module-kotlin-2.8.8.jar:/Users/niju/.m2/repository/org/jetbrains/kotlin/kotlin-reflect/1.1.1/kotlin-reflect-1.1.1.jar:/Users/niju/.m2/repository/org/jetbrains/exposed/exposed/0.11.2/exposed-0.11.2.jar:/Users/niju/.m2/repository/joda-time/joda-time/2.9.9/joda-time-2.9.9.jar:/Users/niju/.m2/repository/org/postgresql/postgresql/42.2.2/postgresql-42.2.2.jar:/Users/niju/.m2/repository/io/github/microutils/kotlin-logging/1.12.5/kotlin-logging-1.12.5.jar:/Users/niju/.m2/repository/com/h2database/h2/1.4.197/h2-1.4.197.jar:/Users/niju/.m2/repository/com/fasterxml/jackson/datatype/jackson-datatype-joda/2.8.7/jackson-datatype-joda-2.8.7.jar:"/>
    <property name="sun.cpu.endian" value="little"/>
    <property name="user.home" value="/Users/niju"/>
    <property name="user.language" value="en"/>
    <property name="java.specification.vendor" value="Oracle Corporation"/>
    <property name="java.version.date" value="2021-07-20"/>
    <property name="java.home" value="/Library/Java/JavaVirtualMachines/jdk-16.0.2.jdk/Contents/Home"/>
    <property name="file.separator" value="/"/>
    <property name="basedir" value="/Users/niju/WIT/AgileSoftwareDevelopment/healthtrackerrest/nijuHealthTrackerRest"/>
    <property name="java.vm.compressedOopsMode" value="Zero based"/>
    <property name="line.separator" value="&#10;"/>
    <property name="java.specification.name" value="Java Platform API Specification"/>
    <property name="java.vm.specification.vendor" value="Oracle Corporation"/>
    <property name="surefire.real.class.path" value="/Users/niju/WIT/AgileSoftwareDevelopment/healthtrackerrest/nijuHealthTrackerRest/target/surefire/surefirebooter8885943161798972423.jar"/>
    <property name="sun.management.compiler" value="HotSpot 64-Bit Tiered Compilers"/>
    <property name="ftp.nonProxyHosts" value="local|*.local|169.254/16|*.169.254/16"/>
    <property name="java.runtime.version" value="16.0.2+7-67"/>
    <property name="user.name" value="niju"/>
    <property name="path.separator" value=":"/>
    <property name="os.version" value="11.5"/>
    <property name="java.runtime.name" value="Java(TM) SE Runtime Environment"/>
    <property name="file.encoding" value="UTF-8"/>
    <property name="java.vm.name" value="Java HotSpot(TM) 64-Bit Server VM"/>
    <property name="localRepository" value="/Users/niju/.m2/repository"/>
    <property name="java.vendor.url.bug" value="https://bugreport.java.com/bugreport/"/>
    <property name="java.io.tmpdir" value="/var/folders/ck/pwc_kktj3n97gz392qd6y4k80000gn/T/"/>
    <property name="idea.version" value="2021.2.2"/>
    <property name="java.version" value="16.0.2"/>
    <property name="user.dir" value="/Users/niju/WIT/AgileSoftwareDevelopment/healthtrackerrest/nijuHealthTrackerRest"/>
    <property name="os.arch" value="x86_64"/>
    <property name="java.vm.specification.name" value="Java Virtual Machine Specification"/>
    <property name="java.library.path" value="/Users/niju/Library/Java/Extensions:/Library/Java/Extensions:/Network/Library/Java/Extensions:/System/Library/Java/Extensions:/usr/lib/java:."/>
    <property name="java.vm.info" value="mixed mode, sharing"/>
    <property name="java.vendor" value="Oracle Corporation"/>
    <property name="java.vm.version" value="16.0.2+7-67"/>
    <property name="sun.io.unicode.encoding" value="UnicodeBig"/>
    <property name="socksNonProxyHosts" value="local|*.local|169.254/16|*.169.254/16"/>
    <property name="java.class.version" value="60.0"/>
  </properties>
  <testcase name="multiple activities added to table can be retrieved successfully" classname="org.wit.repository.ActivitiesDAOTest" time="0.03">
    <error type="java.lang.ExceptionInInitializerError">java.lang.ExceptionInInitializerError
	at org.wit.repository.ActivitiesDAOTest.populateUserTable$nijuHealthTrackerRest(ActivitiesDAOTest.kt:36)
	at org.wit.repository.ActivitiesDAOTest.multiple activities added to table can be retrieved successfully(ActivitiesDAOTest.kt:48)
Caused by: java.lang.IndexOutOfBoundsException: Index 0 out of bounds for length 0
	at org.wit.repository.ActivitiesDAOTest.populateUserTable$nijuHealthTrackerRest(ActivitiesDAOTest.kt:36)
	at org.wit.repository.ActivitiesDAOTest.multiple activities added to table can be retrieved successfully(ActivitiesDAOTest.kt:48)
</error>
  </testcase>
</testsuite>